\BOOKMARK [1][-]{section.1}{\376\377\000I\000n\000t\000r\000o\000d\000u\000c\000t\000i\000o\000n}{}% 1
\BOOKMARK [1][-]{section.2}{\376\377\000T\000o\000o\000l\000s}{}% 2
\BOOKMARK [1][-]{section.3}{\376\377\000W\000r\000i\000t\000i\000n\000g\000\040\000t\000i\000p\000s}{}% 3
\BOOKMARK [2][-]{subsection.3.1}{\376\377\000G\000e\000n\000e\000r\000a\000l\000\040\000g\000u\000i\000d\000e\000l\000i\000n\000e\000s}{section.3}% 4
\BOOKMARK [2][-]{subsection.3.2}{\376\377\000H\000o\000w\000\040\000t\000o\000\040\000s\000t\000r\000u\000c\000t\000u\000r\000e\000\040\000y\000o\000u\000r\000\040\000p\000a\000p\000e\000r}{section.3}% 5
\BOOKMARK [3][-]{subsubsection.3.2.1}{\376\377\000T\000i\000t\000l\000e}{subsection.3.2}% 6
\BOOKMARK [3][-]{subsubsection.3.2.2}{\376\377\000A\000b\000s\000t\000r\000a\000c\000t}{subsection.3.2}% 7
\BOOKMARK [3][-]{subsubsection.3.2.3}{\376\377\000G\000l\000o\000b\000a\000l\000\040\000p\000a\000r\000a\000g\000r\000a\000p\000h\000\040\000f\000o\000r\000\040\000l\000o\000n\000g\000\040\000s\000e\000c\000t\000i\000o\000n\000s}{subsection.3.2}% 8
\BOOKMARK [3][-]{subsubsection.3.2.4}{\376\377\000I\000n\000t\000r\000o\000d\000u\000c\000t\000i\000o\000n\000\040\000s\000e\000c\000t\000i\000o\000n}{subsection.3.2}% 9
\BOOKMARK [3][-]{subsubsection.3.2.5}{\376\377\000R\000e\000s\000u\000l\000t\000s\000\040\000s\000e\000c\000t\000i\000o\000n}{subsection.3.2}% 10
\BOOKMARK [3][-]{subsubsection.3.2.6}{\376\377\000C\000o\000n\000c\000l\000u\000s\000i\000o\000n\000\040\000s\000e\000c\000t\000i\000o\000n}{subsection.3.2}% 11
\BOOKMARK [3][-]{subsubsection.3.2.7}{\376\377\000A\000p\000p\000e\000n\000d\000i\000x\000\040\000a\000n\000d\000\040\000f\000o\000o\000t\000n\000o\000t\000e\000s}{subsection.3.2}% 12
\BOOKMARK [3][-]{subsubsection.3.2.8}{\376\377\000R\000e\000f\000e\000r\000e\000n\000c\000e\000s}{subsection.3.2}% 13
\BOOKMARK [2][-]{subsection.3.3}{\376\377\000N\000o\000t\000a\000t\000i\000o\000n\000s\000\040\000a\000n\000d\000\040\000e\000q\000u\000a\000t\000i\000o\000n\000s}{section.3}% 14
\BOOKMARK [2][-]{subsection.3.4}{\376\377\000F\000i\000g\000u\000r\000e\000s}{section.3}% 15
\BOOKMARK [2][-]{subsection.3.5}{\376\377\000S\000e\000n\000t\000e\000n\000c\000e\000s}{section.3}% 16
\BOOKMARK [2][-]{subsection.3.6}{\376\377\000P\000a\000r\000a\000g\000r\000a\000p\000h\000s}{section.3}% 17
\BOOKMARK [2][-]{subsection.3.7}{\376\377\000S\000o\000m\000e\000\040\000c\000o\000m\000m\000o\000n\000\040\000m\000i\000s\000t\000a\000k\000e\000s}{section.3}% 18
\BOOKMARK [2][-]{subsection.3.8}{\376\377\000W\000r\000i\000t\000i\000n\000g\000\040\000p\000r\000o\000c\000e\000s\000s\000:\000\040\000a\000n\000\040\000i\000t\000e\000r\000a\000t\000i\000v\000e\000\040\000p\000r\000o\000c\000e\000s\000s}{section.3}% 19
\BOOKMARK [1][-]{section.4}{\376\377\000L\000a\000T\000e\000X\000\040\000t\000i\000p\000s}{}% 20
\BOOKMARK [2][-]{subsection.4.1}{\376\377\000P\000a\000c\000k\000a\000g\000e\000s}{section.4}% 21
\BOOKMARK [2][-]{subsection.4.2}{\376\377\000F\000i\000g\000u\000r\000e\000s}{section.4}% 22
\BOOKMARK [3][-]{subsubsection.4.2.1}{\376\377\000G\000r\000a\000p\000h\000s}{subsection.4.2}% 23
\BOOKMARK [3][-]{subsubsection.4.2.2}{\376\377\000S\000k\000e\000t\000c\000h\000e\000s}{subsection.4.2}% 24
\BOOKMARK [3][-]{subsubsection.4.2.3}{\376\377\000C\000o\000n\000t\000o\000u\000r\000\040\000p\000l\000o\000t\000s}{subsection.4.2}% 25
\BOOKMARK [2][-]{subsection.4.3}{\376\377\000T\000a\000b\000l\000e\000s}{section.4}% 26
\BOOKMARK [2][-]{subsection.4.4}{\376\377\000E\000q\000u\000a\000t\000i\000o\000n\000s}{section.4}% 27
\BOOKMARK [2][-]{subsection.4.5}{\376\377\000A\000l\000g\000o\000r\000i\000t\000h\000m}{section.4}% 28
\BOOKMARK [2][-]{subsection.4.6}{\376\377\000S\000o\000u\000r\000c\000e\000\040\000c\000o\000d\000e}{section.4}% 29
\BOOKMARK [2][-]{subsection.4.7}{\376\377\000T\000w\000o\000-\000c\000o\000l\000u\000m\000n\000\040\000f\000o\000r\000m\000a\000t}{section.4}% 30
\BOOKMARK [1][-]{section.5}{\376\377\000S\000u\000b\000m\000i\000s\000s\000i\000o\000n}{}% 31
\BOOKMARK [1][-]{section.6}{\376\377\000C\000o\000n\000c\000l\000u\000s\000i\000o\000n\000s}{}% 32
\BOOKMARK [1][-]{section*.70}{\376\377\000A\000p\000p\000e\000n\000d\000i\000c\000e\000s}{}% 33
\BOOKMARK [1][-]{appendix.1.A}{\376\377\000A\000p\000p\000e\000n\000d\000i\000x\000\040\000I\000n\000s\000t\000a\000l\000l\000i\000n\000g\000\040\000L\000a\000T\000e\000X}{}% 34
\BOOKMARK [1][-]{appendix.1.B}{\376\377\000A\000p\000p\000e\000n\000d\000i\000x\000\040\000P\000y\000t\000h\000o\000n\000\040\000s\000c\000r\000i\000p\000t\000s\000\040\000f\000o\000r\000\040\000p\000l\000o\000t\000t\000i\000n\000g\000\040\000d\000a\000t\000a}{}% 35
\BOOKMARK [1][-]{appendix.1.C}{\376\377\000A\000p\000p\000e\000n\000d\000i\000x\000\040\000T\000a\000b\000l\000e\000s\000\040\000w\000i\000t\000h\000\040\000f\000o\000o\000t\000n\000o\000t\000e\000s}{}% 36
\BOOKMARK [1][-]{appendix.1.D}{\376\377\000A\000p\000p\000e\000n\000d\000i\000x\000\040\000R\000e\000f\000e\000r\000e\000n\000c\000e\000\040\000m\000a\000n\000a\000g\000e\000m\000e\000n\000t\000\040\000w\000i\000t\000h\000\040\000B\000i\000b\000D\000e\000s\000k}{}% 37
\BOOKMARK [1][-]{appendix.1.E}{\376\377\000A\000p\000p\000e\000n\000d\000i\000x\000\040\000W\000r\000i\000t\000i\000n\000g\000\040\000e\000q\000u\000a\000t\000i\000o\000n\000s}{}% 38
